\BOOKMARK [1][]{section.1}{\376\377\0001\000\040\117\134\124\301\151\202\217\360}{}% 2
\BOOKMARK [2][]{subsection.1.1}{\376\377\0001\000.\0001\000\040\200\314\146\157\122\006\147\220}{section.1}% 3
\BOOKMARK [2][]{subsection.1.2}{\376\377\0001\000.\0002\000\040\166\370\121\163\135\345\117\134}{section.1}% 4
\BOOKMARK [2][]{subsection.1.3}{\376\377\0001\000.\0003\000\040\170\024\172\166\225\356\230\230}{section.1}% 5
\BOOKMARK [2][]{subsection.1.4}{\376\377\0001\000.\0004\000\040\136\224\165\050\122\115\146\157\122\006\147\220}{section.1}% 6
\BOOKMARK [1][]{section.2}{\376\377\0002\000\040\117\134\124\301\213\276\213\241}{}% 7
\BOOKMARK [2][]{subsection.2.1}{\376\377\0002\000.\0001\000\040\174\373\176\337\213\276\213\241}{section.2}% 8
\BOOKMARK [3][]{subsubsection.2.1.1}{\376\377\0002\000.\0001\000.\0001\000\040\174\373\176\337\152\041\127\213}{subsection.2.1}% 9
\BOOKMARK [3][]{subsubsection.2.1.2}{\376\377\0002\000.\0001\000.\0002\000\040\210\145\121\105\133\232\116\111}{subsection.2.1}% 10
\BOOKMARK [3][]{subsubsection.2.1.3}{\376\377\0002\000.\0001\000.\0003\000\040\132\001\200\301\152\041\127\213}{subsection.2.1}% 11
\BOOKMARK [3][]{subsubsection.2.1.4}{\376\377\0002\000.\0001\000.\0004\000\040\213\276\213\241\166\356\150\007}{subsection.2.1}% 12
\BOOKMARK [2][]{subsection.2.2}{\376\377\0002\000.\0002\000\040\133\236\163\260\123\237\164\006}{section.2}% 13
\BOOKMARK [3][]{subsubsection.2.2.1}{\376\377\0002\000.\0002\000.\0001\000\040\172\172\225\364\177\026\170\001}{subsection.2.2}% 14
\BOOKMARK [3][]{subsubsection.2.2.2}{\376\377\0002\000.\0002\000.\0002\000\040\122\115\177\000\177\026\170\001}{subsection.2.2}% 15
\BOOKMARK [3][]{subsubsection.2.2.3}{\376\377\0002\000.\0002\000.\0003\000\040\000I\000B\000F}{subsection.2.2}% 16
\BOOKMARK [3][]{subsubsection.2.2.4}{\376\377\0002\000.\0002\000.\0004\000\040\000M\000e\000r\000k\000l\000e\000\040\150\021}{subsection.2.2}% 17
\BOOKMARK [2][]{subsection.2.3}{\376\377\0002\000.\0003\000\040\174\373\176\337\145\271\150\110}{section.2}% 18
\BOOKMARK [3][]{subsubsection.2.3.1}{\376\377\0002\000.\0003\000.\0001\000\040\147\204\136\372\175\042\137\025}{subsection.2.3}% 19
\BOOKMARK [3][]{subsubsection.2.3.2}{\376\377\0002\000.\0003\000.\0002\000\040\226\167\225\350\213\241\173\227}{subsection.2.3}% 20
\BOOKMARK [3][]{subsubsection.2.3.3}{\376\377\0002\000.\0003\000.\0003\000\040\147\345\213\342\131\004\164\006}{subsection.2.3}% 21
\BOOKMARK [3][]{subsubsection.2.3.4}{\376\377\0002\000.\0003\000.\0004\000\040\176\323\147\234\232\214\213\301}{subsection.2.3}% 22
\BOOKMARK [1][]{section.3}{\376\377\0003\000\040\133\211\121\150\116\016\226\220\171\301\140\047\213\301\146\016}{}% 23
\BOOKMARK [1][]{section.4}{\376\377\0004\000\040\174\373\176\337\133\236\163\260}{}% 24
\BOOKMARK [2][]{subsection.4.1}{\376\377\0004\000.\0001\000\040\174\373\176\337\220\350\177\162}{section.4}% 25
\BOOKMARK [2][]{subsection.4.2}{\376\377\0004\000.\0002\000\040\124\016\172\357\144\055\136\372}{section.4}% 26
\BOOKMARK [2][]{subsection.4.3}{\376\377\0004\000.\0003\000\040\122\115\172\357\144\055\136\372}{section.4}% 27
\BOOKMARK [2][]{subsection.4.4}{\376\377\0004\000.\0004\000\040\137\000\123\321\135\345\121\167\123\312\163\257\130\203\221\115\177\156}{section.4}% 28
\BOOKMARK [1][]{section.5}{\376\377\0005\000\040\117\134\124\301\155\113\213\325\116\016\122\006\147\220}{}% 29
\BOOKMARK [2][]{subsection.5.1}{\376\377\0005\000.\0001\000\040\155\113\213\325\166\356\166\204}{section.5}% 30
\BOOKMARK [2][]{subsection.5.2}{\376\377\0005\000.\0002\000\040\155\113\213\325\163\257\130\203}{section.5}% 31
\BOOKMARK [2][]{subsection.5.3}{\376\377\0005\000.\0003\000\040\122\237\200\375\140\047\155\113\213\325}{section.5}% 32
\BOOKMARK [3][]{subsubsection.5.3.1}{\376\377\0005\000.\0003\000.\0001\000\040\175\042\137\025\147\204\136\372}{subsection.5.3}% 33
\BOOKMARK [3][]{subsubsection.5.3.2}{\376\377\0005\000.\0003\000.\0002\000\040\150\300\175\042\155\113\213\325}{subsection.5.3}% 34
\BOOKMARK [3][]{subsubsection.5.3.3}{\376\377\0005\000.\0003\000.\0003\000\040\153\143\170\156\140\047\232\214\213\301}{subsection.5.3}% 35
\BOOKMARK [3][]{subsubsection.5.3.4}{\376\377\0005\000.\0003\000.\0004\000\040\133\214\131\007\140\047\232\214\213\301}{subsection.5.3}% 36
\BOOKMARK [2][]{subsection.5.4}{\376\377\0005\000.\0004\000\040\213\241\173\227\137\000\225\000\155\113\213\325}{section.5}% 37
\BOOKMARK [3][]{subsubsection.5.4.1}{\376\377\0005\000.\0004\000.\0001\000\040\147\204\136\372\200\027\145\366}{subsection.5.4}% 38
\BOOKMARK [3][]{subsubsection.5.4.2}{\376\377\0005\000.\0004\000.\0002\000\040\150\300\175\042\200\027\145\366}{subsection.5.4}% 39
\BOOKMARK [3][]{subsubsection.5.4.3}{\376\377\0005\000.\0004\000.\0003\000\040\232\214\213\301\200\027\145\366}{subsection.5.4}% 40
\BOOKMARK [2][]{subsection.5.5}{\376\377\0005\000.\0005\000\040\220\032\117\341\116\343\116\367\155\113\213\325}{section.5}% 41
\BOOKMARK [1][]{section.6}{\376\377\0006\000\040\122\033\145\260\140\047\213\364\146\016}{}% 42
\BOOKMARK [2][]{subsection.6.1}{\376\377\0006\000.\0001\000\040\142\151\134\125\000S\000k\000N\000N\116\345\145\057\143\001\226\220\171\301\117\335\142\244\166\204\145\366\225\364\123\327\226\120\213\277\225\356}{section.6}% 43
\BOOKMARK [2][]{subsection.6.2}{\376\377\0006\000.\0002\000\040\143\320\121\372\117\335\142\244\226\220\171\301\166\204\176\323\147\234\232\214\213\301\145\271\150\110}{section.6}% 44
\BOOKMARK [2][]{subsection.6.3}{\376\377\0006\000.\0003\000\040\213\276\213\241\122\152\147\235\173\126\165\145\143\320\232\330\147\345\213\342\131\004\164\006\124\214\176\323\147\234\232\214\213\301\145\110\163\207}{section.6}% 45
\BOOKMARK [2][]{subsection.6.4}{\376\377\0006\000.\0004\000\040\145\057\143\001\122\250\140\001\145\160\143\156\146\364\145\260\116\016\147\345\213\342\117\030\123\026}{section.6}% 46
\BOOKMARK [2][]{subsection.6.5}{\376\377\0006\000.\0005\000\040\133\236\163\260\215\350\136\163\123\360\121\174\133\271\140\047\116\016\122\006\136\003\137\017\147\345\213\342\131\004\164\006}{section.6}% 47
\BOOKMARK [1][]{section.7}{\376\377\0007\000\040\140\073\176\323}{}% 48
